\BOOKMARK [0][-]{chapter.1}{Cap\355tulo 1\204Introdu\347\343o}{}% 1
\BOOKMARK [1][-]{section.1.1}{Contexto e Motiva\347\343o}{chapter.1}% 2
\BOOKMARK [1][-]{section.1.2}{Hip\363tese e Objetivo}{chapter.1}% 3
\BOOKMARK [0][-]{chapter.2}{Cap\355tulo 2\204Revis\343o Bibliogr\341fica}{}% 4
\BOOKMARK [1][-]{section.2.1}{Considera\347\365es Iniciais}{chapter.2}% 5
\BOOKMARK [1][-]{section.2.2}{Fluxos Cont\355nuos de Dados e Aprendizado de M\341quina}{chapter.2}% 6
\BOOKMARK [1][-]{section.2.3}{Mudan\347a de Conceito}{chapter.2}% 7
\BOOKMARK [2][-]{subsection.2.3.1}{Terminologia}{section.2.3}% 8
\BOOKMARK [2][-]{subsection.2.3.2}{Algoritmos para Detec\347\343o de Mudan\347a de Conceito}{section.2.3}% 9
\BOOKMARK [2][-]{subsection.2.3.3}{Ferramentas}{section.2.3}% 10
\BOOKMARK [2][-]{subsection.2.3.4}{MOA}{section.2.3}% 11
\BOOKMARK [2][-]{subsection.2.3.5}{Tornado}{section.2.3}% 12
\BOOKMARK [1][-]{section.2.4}{Redes de Fun\347\343o de Base Radial}{chapter.2}% 13
\BOOKMARK [1][-]{section.2.5}{Trabalhos Relacionados}{chapter.2}% 14
\BOOKMARK [1][-]{section.2.6}{Considera\347\365es Finais}{chapter.2}% 15
\BOOKMARK [0][-]{chapter.3}{Cap\355tulo 3\204Plano de Pesquisa}{}% 16
\BOOKMARK [1][-]{section.3.1}{Considera\347\365es Iniciais}{chapter.3}% 17
\BOOKMARK [1][-]{section.3.2}{Descri\347\343o do Problema}{chapter.3}% 18
\BOOKMARK [1][-]{section.3.3}{Atividades de Pesquisa}{chapter.3}% 19
\BOOKMARK [1][-]{section.3.4}{Considera\347\365es Finais}{chapter.3}% 20
\BOOKMARK [0][-]{chapter.4}{Cap\355tulo 4\204Experimentos Iniciais}{}% 21
\BOOKMARK [1][-]{section.4.1}{Considera\347\365es Iniciais}{chapter.4}% 22
\BOOKMARK [1][-]{section.4.2}{Configura\347\343o dos Experimentos}{chapter.4}% 23
\BOOKMARK [1][-]{section.4.3}{}{chapter.4}% 24
\BOOKMARK [1][-]{section.4.4}{Pettitt}{chapter.4}% 25
\BOOKMARK [1][-]{section.4.5}{Redes de Fun\347\343o de Base Radial}{chapter.4}% 26
\BOOKMARK [1][-]{section.4.6}{Considera\347\365es Finais}{chapter.4}% 27
