\BOOKMARK [0][-]{chapter.1}{Cap\355tulo 1\204Introdu\347\343o}{}% 1
\BOOKMARK [1][-]{section.1.1}{Contexto e Motiva\347\343o}{chapter.1}% 2
\BOOKMARK [1][-]{section.1.2}{Hip\363tese e Objetivo}{chapter.1}% 3
\BOOKMARK [1][-]{section.1.3}{Contribui\347\365es}{chapter.1}% 4
\BOOKMARK [1][-]{section.1.4}{Organiza\347\343o do trabalho}{chapter.1}% 5
\BOOKMARK [0][-]{chapter.2}{Cap\355tulo 2\204Fundamenta\347\343o Te\363rica}{}% 6
\BOOKMARK [1][-]{section.2.1}{Considera\347\365es Iniciais}{chapter.2}% 7
\BOOKMARK [1][-]{section.2.2}{Fluxos Cont\355nuos de Dados e Aprendizado de M\341quina}{chapter.2}% 8
\BOOKMARK [1][-]{section.2.3}{Mudan\347a de Conceito}{chapter.2}% 9
\BOOKMARK [2][-]{subsection.2.3.1}{Terminologia}{section.2.3}% 10
\BOOKMARK [2][-]{subsection.2.3.2}{Algoritmos para Detec\347\343o de Mudan\347a de Conceito}{section.2.3}% 11
\BOOKMARK [2][-]{subsection.2.3.3}{Ferramenta - MOA}{section.2.3}% 12
\BOOKMARK [1][-]{section.2.4}{Redes de Fun\347\343o de Base Radial}{chapter.2}% 13
\BOOKMARK [1][-]{section.2.5}{Cadeias de Markov}{chapter.2}% 14
\BOOKMARK [1][-]{section.2.6}{Monitoramento Ocular}{chapter.2}% 15
\BOOKMARK [1][-]{section.2.7}{Considera\347\365es Finais}{chapter.2}% 16
\BOOKMARK [0][-]{chapter.3}{Cap\355tulo 3\204Trabalhos Relacionados}{}% 17
\BOOKMARK [1][-]{section.3.1}{Considera\347\365es Iniciais}{chapter.3}% 18
\BOOKMARK [1][-]{section.3.2}{Considera\347\365es Finais}{chapter.3}% 19
\BOOKMARK [0][-]{chapter.4}{Cap\355tulo 4\204RBFChain}{}% 20
\BOOKMARK [1][-]{section.4.1}{Considera\347\365es Iniciais}{chapter.4}% 21
\BOOKMARK [1][-]{section.4.2}{RBFChain}{chapter.4}% 22
\BOOKMARK [1][-]{section.4.3}{Considera\347\365es Finais}{chapter.4}% 23
\BOOKMARK [0][-]{chapter.5}{Cap\355tulo 5\204Experimentos e Resultados}{}% 24
\BOOKMARK [1][-]{section.5.1}{Considera\347\365es Iniciais}{chapter.5}% 25
\BOOKMARK [1][-]{section.5.2}{Configura\347\343o dos Experimentos}{chapter.5}% 26
\BOOKMARK [1][-]{section.5.3}{Crit\351rios de avalia\347\343o}{chapter.5}% 27
\BOOKMARK [1][-]{section.5.4}{Pettitt}{chapter.5}% 28
\BOOKMARK [1][-]{section.5.5}{RBFChain}{chapter.5}% 29
\BOOKMARK [1][-]{section.5.6}{Considera\347\365es Finais}{chapter.5}% 30
\BOOKMARK [0][-]{chapter.6}{Cap\355tulo 6\204Conclus\365es e Trabalhos Futuros}{}% 31
\BOOKMARK [1][-]{section.6.1}{Discuss\365es}{chapter.6}% 32
\BOOKMARK [1][-]{section.6.2}{Trabalhos Futuros}{chapter.6}% 33
